Using pre-set license
Built from '2021.3/staging' branch; Version is '2021.3.19f1 (c9714fde33b6) revision 13201743'; Using compiler version '192829333'; Build Type 'Release'
OS: 'Windows 11  (10.0.22621) 64bit Core' Language: 'en' Physical Memory: 16149 MB
BatchMode: 1, IsHumanControllingUs: 0, StartBugReporterOnCrash: 0, Is64bit: 1, IsPro: 1

COMMAND LINE ARGUMENTS:
C:\Program Files\Unity 2021.3.19f1\Editor\Unity.exe
-adb2
-batchMode
-noUpm
-name
AssetImportWorker1
-projectPath
C:/Users/thecr/Documents/GameDesign/Cameras/Cameras-Bailey/Unity-Cameras-Project
-logFile
Logs/AssetImportWorker1.log
-srvPort
54819
Successfully changed project path to: C:/Users/thecr/Documents/GameDesign/Cameras/Cameras-Bailey/Unity-Cameras-Project
C:/Users/thecr/Documents/GameDesign/Cameras/Cameras-Bailey/Unity-Cameras-Project
[UnityMemory] Configuration Parameters - Can be set up in boot.config
    "memorysetup-bucket-allocator-granularity=16"
    "memorysetup-bucket-allocator-bucket-count=8"
    "memorysetup-bucket-allocator-block-size=33554432"
    "memorysetup-bucket-allocator-block-count=8"
    "memorysetup-main-allocator-block-size=16777216"
    "memorysetup-thread-allocator-block-size=16777216"
    "memorysetup-gfx-main-allocator-block-size=16777216"
    "memorysetup-gfx-thread-allocator-block-size=16777216"
    "memorysetup-cache-allocator-block-size=4194304"
    "memorysetup-typetree-allocator-block-size=2097152"
    "memorysetup-profiler-bucket-allocator-granularity=16"
    "memorysetup-profiler-bucket-allocator-bucket-count=8"
    "memorysetup-profiler-bucket-allocator-block-size=33554432"
    "memorysetup-profiler-bucket-allocator-block-count=8"
    "memorysetup-profiler-allocator-block-size=16777216"
    "memorysetup-profiler-editor-allocator-block-size=1048576"
    "memorysetup-temp-allocator-size-main=16777216"
    "memorysetup-job-temp-allocator-block-size=2097152"
    "memorysetup-job-temp-allocator-block-size-background=1048576"
    "memorysetup-job-temp-allocator-reduction-small-platforms=262144"
    "memorysetup-temp-allocator-size-background-worker=32768"
    "memorysetup-temp-allocator-size-job-worker=262144"
    "memorysetup-temp-allocator-size-preload-manager=33554432"
    "memorysetup-temp-allocator-size-nav-mesh-worker=65536"
    "memorysetup-temp-allocator-size-audio-worker=65536"
    "memorysetup-temp-allocator-size-cloud-worker=32768"
    "memorysetup-temp-allocator-size-gi-baking-worker=262144"
    "memorysetup-temp-allocator-size-gfx=262144"
Player connection [26592] Host "[IP] 192.168.254.49 [Port] 0 [Flags] 2 [Guid] 1649804426 [EditorId] 1649804426 [Version] 1048832 [Id] WindowsEditor(7,LAPTOP-LFC6IMOQ) [Debug] 1 [PackageName] WindowsEditor [ProjectName] Editor" joined multi-casting on [225.0.0.222:54997]...

Player connection [26592] Host "[IP] 192.168.254.49 [Port] 0 [Flags] 2 [Guid] 1649804426 [EditorId] 1649804426 [Version] 1048832 [Id] WindowsEditor(7,LAPTOP-LFC6IMOQ) [Debug] 1 [PackageName] WindowsEditor [ProjectName] Editor" joined alternative multi-casting on [225.0.0.222:34997]...

Refreshing native plugins compatible for Editor in 25.66 ms, found 2 plugins.
Preloading 0 native plugins for Editor in 0.00 ms.
Initialize engine version: 2021.3.19f1 (c9714fde33b6)
[Subsystems] Discovering subsystems at path C:/Program Files/Unity 2021.3.19f1/Editor/Data/Resources/UnitySubsystems
[Subsystems] Discovering subsystems at path C:/Users/thecr/Documents/GameDesign/Cameras/Cameras-Bailey/Unity-Cameras-Project/Assets
GfxDevice: creating device client; threaded=0; jobified=0
Direct3D:
    Version:  Direct3D 11.0 [level 11.1]
    Renderer: NVIDIA GeForce MX450 (ID=0x1f97)
    Vendor:   NVIDIA
    VRAM:     1920 MB
    Driver:   31.0.15.3742
Initialize mono
Mono path[0] = 'C:/Program Files/Unity 2021.3.19f1/Editor/Data/Managed'
Mono path[1] = 'C:/Program Files/Unity 2021.3.19f1/Editor/Data/MonoBleedingEdge/lib/mono/unityjit-win32'
Mono config path = 'C:/Program Files/Unity 2021.3.19f1/Editor/Data/MonoBleedingEdge/etc'
Using monoOptions --debugger-agent=transport=dt_socket,embedding=1,server=y,suspend=n,address=127.0.0.1:56768
Begin MonoManager ReloadAssembly
Registering precompiled unity dll's ...
Register platform support module: C:/Program Files/Unity 2021.3.19f1/Editor/Data/PlaybackEngines/WindowsStandaloneSupport/UnityEditor.WindowsStandalone.Extensions.dll
Registered in 0.006697 seconds.
Native extension for WindowsStandalone target not found
Refreshing native plugins compatible for Editor in 24.17 ms, found 2 plugins.
Preloading 0 native plugins for Editor in 0.00 ms.
Mono: successfully reloaded assembly
- Completed reload, in  0.632 seconds
Domain Reload Profiling:
	ReloadAssembly (633ms)
		BeginReloadAssembly (92ms)
			ExecutionOrderSort (0ms)
			DisableScriptedObjects (0ms)
			BackupInstance (0ms)
			ReleaseScriptingObjects (0ms)
			CreateAndSetChildDomain (1ms)
		EndReloadAssembly (411ms)
			LoadAssemblies (87ms)
			RebuildTransferFunctionScriptingTraits (0ms)
			SetupTypeCache (98ms)
			ReleaseScriptCaches (0ms)
			RebuildScriptCaches (25ms)
			SetupLoadedEditorAssemblies (237ms)
				LogAssemblyErrors (0ms)
				InitializePlatformSupportModulesInManaged (8ms)
				SetLoadedEditorAssemblies (0ms)
				RefreshPlugins (24ms)
				BeforeProcessingInitializeOnLoad (1ms)
				ProcessInitializeOnLoadAttributes (152ms)
				ProcessInitializeOnLoadMethodAttributes (52ms)
				AfterProcessingInitializeOnLoad (0ms)
				EditorAssembliesLoaded (0ms)
			ExecutionOrderSort2 (0ms)
			AwakeInstancesAfterBackupRestoration (0ms)
Platform modules already initialized, skipping
Registering precompiled user dll's ...
Registered in 0.005855 seconds.
Begin MonoManager ReloadAssembly
Native extension for WindowsStandalone target not found
Refreshing native plugins compatible for Editor in 0.23 ms, found 2 plugins.
Preloading 0 native plugins for Editor in 0.00 ms.
Mono: successfully reloaded assembly
- Completed reload, in  0.913 seconds
Domain Reload Profiling:
	ReloadAssembly (914ms)
		BeginReloadAssembly (126ms)
			ExecutionOrderSort (0ms)
			DisableScriptedObjects (7ms)
			BackupInstance (0ms)
			ReleaseScriptingObjects (0ms)
			CreateAndSetChildDomain (25ms)
		EndReloadAssembly (655ms)
			LoadAssemblies (76ms)
			RebuildTransferFunctionScriptingTraits (0ms)
			SetupTypeCache (181ms)
			ReleaseScriptCaches (0ms)
			RebuildScriptCaches (38ms)
			SetupLoadedEditorAssemblies (317ms)
				LogAssemblyErrors (0ms)
				InitializePlatformSupportModulesInManaged (6ms)
				SetLoadedEditorAssemblies (0ms)
				RefreshPlugins (0ms)
				BeforeProcessingInitializeOnLoad (74ms)
				ProcessInitializeOnLoadAttributes (206ms)
				ProcessInitializeOnLoadMethodAttributes (17ms)
				AfterProcessingInitializeOnLoad (13ms)
				EditorAssembliesLoaded (0ms)
			ExecutionOrderSort2 (0ms)
			AwakeInstancesAfterBackupRestoration (5ms)
Platform modules already initialized, skipping
========================================================================
Worker process is ready to serve import requests
Launched and connected shader compiler UnityShaderCompiler.exe after 0.09 seconds
Refreshing native plugins compatible for Editor in 0.39 ms, found 2 plugins.
Preloading 0 native plugins for Editor in 0.00 ms.
Unloading 1340 Unused Serialized files (Serialized files now loaded: 0)
Unloading 16 unused Assets / (56.5 KB). Loaded Objects now: 1826.
Memory consumption went from 74.9 MB to 74.8 MB.
Total: 3.896900 ms (FindLiveObjects: 0.360200 ms CreateObjectMapping: 0.069400 ms MarkObjects: 3.326600 ms  DeleteObjects: 0.139100 ms)

AssetImportParameters requested are different than current active one (requested -> active):
  custom:video-decoder-ogg-theora: a1e56fd34408186e4bbccfd4996cb3dc -> 
  custom:container-muxer-webm: aa71ff27fc2769a1b78a27578f13a17b -> 
  custom:container-demuxer-webm: 4f35f7cbe854078d1ac9338744f61a02 -> 
  custom:video-encoder-webm-vp8: eb34c28f22e8b96e1ab97ce403110664 -> 
  custom:video-codec-MediaFoundation-h265: 746d11721c4dcdbdad8f713fa42b33f4 -> 
  custom:audio-encoder-webm-vorbis: bf7c407c2cedff20999df2af8eb42d56 -> 
  custom:framework-win-MediaFoundation: 216162199b28c13a410421893ffa2e32 -> 
  custom:container-demuxer-ogg: 62fdf1f143b41e24485cea50d1cbac27 -> 
  custom:video-decoder-webm-vp8: 9c59270c3fd7afecdb556c50c9e8de78 -> 
  custom:audio-decoder-ogg-vorbis: bf7c407c2cedff20999df2af8eb42d56 -> 
========================================================================
Received Import Request.
  Time since last request: 367289.749508 seconds.
  path: Assets/Park Assets/Prefab/Stone1.prefab
  artifactKey: Guid(fd7967a473bbbca4a83cf83b44fb7bb6) Importer(815301076,1909f56bfc062723c751e8b465ee728b)
Start importing Assets/Park Assets/Prefab/Stone1.prefab using Guid(fd7967a473bbbca4a83cf83b44fb7bb6) Importer(815301076,1909f56bfc062723c751e8b465ee728b)  -> (artifact id: '9059162735bf9e8bc1a35dad8e30aa2c') in 0.150610 seconds 
========================================================================
Received Import Request.
  Time since last request: 0.000028 seconds.
  path: Assets/Park Assets/Prefab/Stone_Path_Bank.prefab
  artifactKey: Guid(092aabb8628e09e46ab22ed75bd34723) Importer(815301076,1909f56bfc062723c751e8b465ee728b)
Start importing Assets/Park Assets/Prefab/Stone_Path_Bank.prefab using Guid(092aabb8628e09e46ab22ed75bd34723) Importer(815301076,1909f56bfc062723c751e8b465ee728b)  -> (artifact id: '9d91eeaf3a4422e5e90e2542249f6f51') in 0.034516 seconds 
========================================================================
Received Import Request.
  Time since last request: 0.000036 seconds.
  path: Assets/Park Assets/Prefab
  artifactKey: Guid(e5e86cc114eede54587044f245f605e0) Importer(815301076,1909f56bfc062723c751e8b465ee728b)
Start importing Assets/Park Assets/Prefab using Guid(e5e86cc114eede54587044f245f605e0) Importer(815301076,1909f56bfc062723c751e8b465ee728b)  -> (artifact id: 'acad03717d54e3c2fce548e464f31681') in 0.010316 seconds 
========================================================================
Received Import Request.
  Time since last request: 0.000025 seconds.
  path: Assets/Park Assets/Prefab/Grass_01.prefab
  artifactKey: Guid(b5ce2da01dc06ad42b537d328b606c13) Importer(815301076,1909f56bfc062723c751e8b465ee728b)
Start importing Assets/Park Assets/Prefab/Grass_01.prefab using Guid(b5ce2da01dc06ad42b537d328b606c13) Importer(815301076,1909f56bfc062723c751e8b465ee728b)  -> (artifact id: '84245980d6b52d56617254a18d0e6c4a') in 0.037885 seconds 
========================================================================
Received Import Request.
  Time since last request: 0.000032 seconds.
  path: Assets/Park Assets/Prefab/Tree1.prefab
  artifactKey: Guid(d0540a66e665f984eab241d84c8a9963) Importer(815301076,1909f56bfc062723c751e8b465ee728b)
Start importing Assets/Park Assets/Prefab/Tree1.prefab using Guid(d0540a66e665f984eab241d84c8a9963) Importer(815301076,1909f56bfc062723c751e8b465ee728b)  -> (artifact id: '0fce6463c2bc2860459c4036342f3f30') in 0.034933 seconds 
========================================================================
Received Import Request.
  Time since last request: 0.000035 seconds.
  path: Assets/Park Assets/Models
  artifactKey: Guid(23baee1b4e4b31f488fa27c89270fac9) Importer(815301076,1909f56bfc062723c751e8b465ee728b)
Start importing Assets/Park Assets/Models using Guid(23baee1b4e4b31f488fa27c89270fac9) Importer(815301076,1909f56bfc062723c751e8b465ee728b)  -> (artifact id: '03127abc0b22d6f198d5ec3e861236c6') in 0.011979 seconds 
========================================================================
Received Import Request.
  Time since last request: 0.000035 seconds.
  path: Assets/Park Assets/Prefab/Stone2.prefab
  artifactKey: Guid(79545157ec163ca42a69410e962f7c1b) Importer(815301076,1909f56bfc062723c751e8b465ee728b)
Start importing Assets/Park Assets/Prefab/Stone2.prefab using Guid(79545157ec163ca42a69410e962f7c1b) Importer(815301076,1909f56bfc062723c751e8b465ee728b)  -> (artifact id: 'c6c9245c17ab216b1416b523b49a5f86') in 0.037471 seconds 
========================================================================
Received Import Request.
  Time since last request: 0.000057 seconds.
  path: Assets/Park Assets/Prefab/Stone_Path_TPart.prefab
  artifactKey: Guid(c5781e87846ceb645852c2040bdb020b) Importer(815301076,1909f56bfc062723c751e8b465ee728b)
Start importing Assets/Park Assets/Prefab/Stone_Path_TPart.prefab using Guid(c5781e87846ceb645852c2040bdb020b) Importer(815301076,1909f56bfc062723c751e8b465ee728b)  -> (artifact id: 'c938a8f888511c97a0de5ab2ec1b540d') in 0.041174 seconds 
========================================================================
Received Import Request.
  Time since last request: 0.000020 seconds.
  path: Assets/Park Assets/Prefab/Flower_2.prefab
  artifactKey: Guid(28ad12c91132e2545a2852114dacba0d) Importer(815301076,1909f56bfc062723c751e8b465ee728b)
Start importing Assets/Park Assets/Prefab/Flower_2.prefab using Guid(28ad12c91132e2545a2852114dacba0d) Importer(815301076,1909f56bfc062723c751e8b465ee728b)  -> (artifact id: '0fdaeafce3e8bd72958109cdc8e72f2e') in 0.037845 seconds 
========================================================================
Received Import Request.
  Time since last request: 0.000024 seconds.
  path: Assets/Park Assets/Prefab/Stone_Path_EdgePiece.prefab
  artifactKey: Guid(c6e854f638107994fb7fcaf03c48c38e) Importer(815301076,1909f56bfc062723c751e8b465ee728b)
Start importing Assets/Park Assets/Prefab/Stone_Path_EdgePiece.prefab using Guid(c6e854f638107994fb7fcaf03c48c38e) Importer(815301076,1909f56bfc062723c751e8b465ee728b)  -> (artifact id: '5c34c7e714cd1f13036d759525aeaf63') in 0.030367 seconds 
========================================================================
Received Import Request.
  Time since last request: 0.000029 seconds.
  path: Assets/Park Assets/Prefab/Stone_Path_Corner.prefab
  artifactKey: Guid(40fde63072590934b8ba90c1b2cab00a) Importer(815301076,1909f56bfc062723c751e8b465ee728b)
Start importing Assets/Park Assets/Prefab/Stone_Path_Corner.prefab using Guid(40fde63072590934b8ba90c1b2cab00a) Importer(815301076,1909f56bfc062723c751e8b465ee728b)  -> (artifact id: 'c621af3801e12e79ebc973251d3e906a') in 0.030107 seconds 
========================================================================
Received Import Request.
  Time since last request: 142.499271 seconds.
  path: Assets/SimpleTownLite/_Prefabs/Building_PizzaShop.prefab
  artifactKey: Guid(601b00ca0b9de0247beae089ec7e640f) Importer(815301076,1909f56bfc062723c751e8b465ee728b)
Start importing Assets/SimpleTownLite/_Prefabs/Building_PizzaShop.prefab using Guid(601b00ca0b9de0247beae089ec7e640f) Importer(815301076,1909f56bfc062723c751e8b465ee728b)  -> (artifact id: '6ac0ac74521b3da5c868e520047da75a') in 0.024190 seconds 
========================================================================
Received Import Request.
  Time since last request: 0.000017 seconds.
  path: Assets/SimpleTownLite/_Prefabs/store_small_drug.prefab
  artifactKey: Guid(ec26b982f5502de469093462f7c99703) Importer(815301076,1909f56bfc062723c751e8b465ee728b)
Start importing Assets/SimpleTownLite/_Prefabs/store_small_drug.prefab using Guid(ec26b982f5502de469093462f7c99703) Importer(815301076,1909f56bfc062723c751e8b465ee728b)  -> (artifact id: 'b00dba75a265c6faad3d833f71bf3bbc') in 0.027521 seconds 
========================================================================
Received Import Request.
  Time since last request: 0.000023 seconds.
  path: Assets/SimpleTownLite/_Prefabs/Prop_Bin.prefab
  artifactKey: Guid(b315fa776449eec44a8591af7353afe8) Importer(815301076,1909f56bfc062723c751e8b465ee728b)
Start importing Assets/SimpleTownLite/_Prefabs/Prop_Bin.prefab using Guid(b315fa776449eec44a8591af7353afe8) Importer(815301076,1909f56bfc062723c751e8b465ee728b)  -> (artifact id: '4b7d561dc6f3eaa6bcbf953eb26c65fa') in 0.030733 seconds 
========================================================================
Received Import Request.
  Time since last request: 0.000029 seconds.
  path: Assets/SimpleTownLite/_Prefabs/Environment_Road.prefab
  artifactKey: Guid(d80c7433031fdee44bf3910c4b046ce7) Importer(815301076,1909f56bfc062723c751e8b465ee728b)
Start importing Assets/SimpleTownLite/_Prefabs/Environment_Road.prefab using Guid(d80c7433031fdee44bf3910c4b046ce7) Importer(815301076,1909f56bfc062723c751e8b465ee728b)  -> (artifact id: 'd8d17a067293cc3aa2f0ba24d1de825c') in 0.031394 seconds 
========================================================================
Received Import Request.
  Time since last request: 0.000031 seconds.
  path: Assets/SimpleTownLite/_Prefabs/road_square_mesh.prefab
  artifactKey: Guid(3d297aa470482cb4393b22ed578eb87f) Importer(815301076,1909f56bfc062723c751e8b465ee728b)
Start importing Assets/SimpleTownLite/_Prefabs/road_square_mesh.prefab using Guid(3d297aa470482cb4393b22ed578eb87f) Importer(815301076,1909f56bfc062723c751e8b465ee728b)  -> (artifact id: 'b76a542e2fe57828154d4d0c0e1b1c88') in 0.037034 seconds 
========================================================================
Received Import Request.
  Time since last request: 0.479744 seconds.
  path: Assets/SimpleTownLite/_Materials/Building_BookStore.mat
  artifactKey: Guid(4685236b0f345dc429665f84d9b64540) Importer(815301076,1909f56bfc062723c751e8b465ee728b)
Start importing Assets/SimpleTownLite/_Materials/Building_BookStore.mat using Guid(4685236b0f345dc429665f84d9b64540) Importer(815301076,1909f56bfc062723c751e8b465ee728b)  -> (artifact id: 'd440ae383f5a2281b0d793020cd0a170') in 0.043678 seconds 
========================================================================
Received Import Request.
  Time since last request: 0.000015 seconds.
  path: Assets/SimpleTownLite/_Materials/SimpleTownLite_Road.mat
  artifactKey: Guid(2191478c1f641c245b4fe9449817a0b7) Importer(815301076,1909f56bfc062723c751e8b465ee728b)
Start importing Assets/SimpleTownLite/_Materials/SimpleTownLite_Road.mat using Guid(2191478c1f641c245b4fe9449817a0b7) Importer(815301076,1909f56bfc062723c751e8b465ee728b)  -> (artifact id: 'f0f2c414e41e100adb4bb36705c025c5') in 0.018976 seconds 
========================================================================
Received Import Request.
  Time since last request: 0.000044 seconds.
  path: Assets/SimpleTownLite/_Materials/SimpleTownLite_Billboard.mat
  artifactKey: Guid(219967ce9dc9a8f4d9ab8a7d1d14cf9d) Importer(815301076,1909f56bfc062723c751e8b465ee728b)
Start importing Assets/SimpleTownLite/_Materials/SimpleTownLite_Billboard.mat using Guid(219967ce9dc9a8f4d9ab8a7d1d14cf9d) Importer(815301076,1909f56bfc062723c751e8b465ee728b)  -> (artifact id: '7a1550bbba6543b292481eb911afd33a') in 0.024167 seconds 
========================================================================
Received Import Request.
  Time since last request: 0.000038 seconds.
  path: Assets/SimpleTownLite/_Materials/Building_PizzaShop.mat
  artifactKey: Guid(6d000355347ab5149935f042676bbc0c) Importer(815301076,1909f56bfc062723c751e8b465ee728b)
Start importing Assets/SimpleTownLite/_Materials/Building_PizzaShop.mat using Guid(6d000355347ab5149935f042676bbc0c) Importer(815301076,1909f56bfc062723c751e8b465ee728b)  -> (artifact id: '32351889523b87f257bca9a95348d366') in 0.022378 seconds 
========================================================================
Received Import Request.
  Time since last request: 0.000029 seconds.
  path: Assets/Park Assets/Materials/Low_Poly_Mat_Variant1.mat
  artifactKey: Guid(9b72e6fbb8e97094396e14960b5c42a9) Importer(815301076,1909f56bfc062723c751e8b465ee728b)
Start importing Assets/Park Assets/Materials/Low_Poly_Mat_Variant1.mat using Guid(9b72e6fbb8e97094396e14960b5c42a9) Importer(815301076,1909f56bfc062723c751e8b465ee728b)  -> (artifact id: '9fed42d2397ba86339ebc65ba245b3af') in 0.024378 seconds 
========================================================================
Received Import Request.
  Time since last request: 0.000020 seconds.
  path: Assets/Player/Materials/cyborg.mat
  artifactKey: Guid(39a3b4e035a5d4adb87e39cc69de4eeb) Importer(815301076,1909f56bfc062723c751e8b465ee728b)
Start importing Assets/Player/Materials/cyborg.mat using Guid(39a3b4e035a5d4adb87e39cc69de4eeb) Importer(815301076,1909f56bfc062723c751e8b465ee728b)  -> (artifact id: 'f9d329e07ac812592851243849588885') in 0.027023 seconds 
========================================================================
Received Import Request.
  Time since last request: 0.000035 seconds.
  path: Assets/Player/Materials/skaterFemaleA.mat
  artifactKey: Guid(e7c2fa8d0af574994ba78d0b067cdec1) Importer(815301076,1909f56bfc062723c751e8b465ee728b)
Start importing Assets/Player/Materials/skaterFemaleA.mat using Guid(e7c2fa8d0af574994ba78d0b067cdec1) Importer(815301076,1909f56bfc062723c751e8b465ee728b)  -> (artifact id: 'addc0bc3c8e1914b544aeb0a7a665dc6') in 0.025695 seconds 
